[0.480s] DEBUG:colcon:Command line arguments: ['/usr/bin/colcon', 'build', '--base-paths', 'src/ros/cmd_vel_control', 'src/zenoh-plugin-ros2dds', '--symlink-install', '--packages-skip', 'turtlesim']
[0.482s] DEBUG:colcon:Parsed command line arguments: Namespace(log_base=None, log_level=None, verb_name='build', build_base='build', install_base='install', merge_install=False, symlink_install=True, test_result_base=None, continue_on_error=False, executor='parallel', parallel_workers=4, event_handlers=None, ignore_user_meta=False, metas=['./colcon.meta'], base_paths=['src/ros/cmd_vel_control', 'src/zenoh-plugin-ros2dds'], packages_ignore=None, packages_ignore_regex=None, paths=None, packages_up_to=None, packages_up_to_regex=None, packages_above=None, packages_above_and_dependencies=None, packages_above_depth=None, packages_select_by_dep=None, packages_skip_by_dep=None, packages_skip_up_to=None, packages_select_build_failed=False, packages_skip_build_finished=False, packages_select_test_failures=False, packages_skip_test_passed=False, packages_select=None, packages_skip=['turtlesim'], packages_select_regex=None, packages_skip_regex=None, packages_start=None, packages_end=None, cmake_args=None, cmake_target=None, cmake_target_skip_unavailable=False, cmake_clean_cache=False, cmake_clean_first=False, cmake_force_configure=False, ament_cmake_args=None, catkin_cmake_args=None, catkin_skip_building_tests=False, mixin_files=None, mixin=None, verb_parser=<colcon_mixin.mixin.mixin_argument.MixinArgumentDecorator object at 0xffff78f37820>, verb_extension=<colcon_core.verb.build.BuildVerb object at 0xffff79098820>, main=<bound method BuildVerb.main of <colcon_core.verb.build.BuildVerb object at 0xffff79098820>>, mixin_verb=('build',))
[1.025s] Level 1:colcon.colcon_core.package_discovery:discover_packages(colcon_meta) check parameters
[1.027s] INFO:colcon.colcon_metadata.package_discovery.colcon_meta:Using configuration from '/root/.colcon/metadata/default/Gazebo.meta'
[1.029s] INFO:colcon.colcon_metadata.package_discovery.colcon_meta:Using configuration from '/root/.colcon/metadata/default/fastdds.meta'
[1.031s] INFO:colcon.colcon_metadata.package_discovery.colcon_meta:Using configuration from '/root/.colcon/metadata/default/fastrtps.meta'
[1.031s] Level 1:colcon.colcon_core.package_discovery:discover_packages(recursive) check parameters
[1.031s] Level 1:colcon.colcon_core.package_discovery:discover_packages(ignore) check parameters
[1.032s] Level 1:colcon.colcon_core.package_discovery:discover_packages(path) check parameters
[1.032s] Level 1:colcon.colcon_core.package_discovery:discover_packages(recursive) discover
[1.032s] INFO:colcon.colcon_core.package_discovery:Crawling recursively for packages in '/workspace/src/ros/cmd_vel_control', '/workspace/src/zenoh-plugin-ros2dds'
[1.051s] Level 1:colcon.colcon_core.package_identification:_identify(src/ros/cmd_vel_control) by extensions ['ignore', 'ignore_ament_install']
[1.052s] Level 1:colcon.colcon_core.package_identification:_identify(src/ros/cmd_vel_control) by extension 'ignore'
[1.052s] Level 1:colcon.colcon_core.package_identification:_identify(src/ros/cmd_vel_control) by extension 'ignore_ament_install'
[1.053s] Level 1:colcon.colcon_core.package_identification:_identify(src/ros/cmd_vel_control) by extensions ['colcon_pkg']
[1.053s] Level 1:colcon.colcon_core.package_identification:_identify(src/ros/cmd_vel_control) by extension 'colcon_pkg'
[1.053s] Level 1:colcon.colcon_core.package_identification:_identify(src/ros/cmd_vel_control) by extensions ['colcon_meta']
[1.053s] Level 1:colcon.colcon_core.package_identification:_identify(src/ros/cmd_vel_control) by extension 'colcon_meta'
[1.054s] Level 1:colcon.colcon_core.package_identification:_identify(src/ros/cmd_vel_control) by extensions ['ros']
[1.054s] Level 1:colcon.colcon_core.package_identification:_identify(src/ros/cmd_vel_control) by extension 'ros'
[1.101s] DEBUG:colcon.colcon_core.package_identification:Package 'src/ros/cmd_vel_control' with type 'ros.ament_cmake' and name 'cmd_vel_control'
[1.175s] Level 1:colcon.colcon_core.package_identification:_identify(src/zenoh-plugin-ros2dds) by extensions ['ignore', 'ignore_ament_install']
[1.175s] Level 1:colcon.colcon_core.package_identification:_identify(src/zenoh-plugin-ros2dds) by extension 'ignore'
[1.176s] Level 1:colcon.colcon_core.package_identification:_identify(src/zenoh-plugin-ros2dds) by extension 'ignore_ament_install'
[1.176s] Level 1:colcon.colcon_core.package_identification:_identify(src/zenoh-plugin-ros2dds) by extensions ['colcon_pkg']
[1.177s] Level 1:colcon.colcon_core.package_identification:_identify(src/zenoh-plugin-ros2dds) by extension 'colcon_pkg'
[1.177s] Level 1:colcon.colcon_core.package_identification:_identify(src/zenoh-plugin-ros2dds) by extensions ['colcon_meta']
[1.177s] Level 1:colcon.colcon_core.package_identification:_identify(src/zenoh-plugin-ros2dds) by extension 'colcon_meta'
[1.177s] Level 1:colcon.colcon_core.package_identification:_identify(src/zenoh-plugin-ros2dds) by extensions ['ros']
[1.178s] Level 1:colcon.colcon_core.package_identification:_identify(src/zenoh-plugin-ros2dds) by extension 'ros'
[1.182s] DEBUG:colcon.colcon_core.package_identification:Package 'src/zenoh-plugin-ros2dds' with type 'ros.ament_cmake' and name 'zenoh_bridge_ros2dds'
[1.182s] Level 1:colcon.colcon_core.package_discovery:discover_packages(recursive) using defaults
[1.183s] WARNING:colcon.colcon_core.package_selection:ignoring unknown package 'turtlesim' in --packages-skip
[1.255s] Level 5:colcon.colcon_core.verb:set package 'cmd_vel_control' build argument 'cmake_args' from command line to 'None'
[1.255s] Level 5:colcon.colcon_core.verb:set package 'cmd_vel_control' build argument 'cmake_target' from command line to 'None'
[1.255s] Level 5:colcon.colcon_core.verb:set package 'cmd_vel_control' build argument 'cmake_target_skip_unavailable' from command line to 'False'
[1.255s] Level 5:colcon.colcon_core.verb:set package 'cmd_vel_control' build argument 'cmake_clean_cache' from command line to 'False'
[1.255s] Level 5:colcon.colcon_core.verb:set package 'cmd_vel_control' build argument 'cmake_clean_first' from command line to 'False'
[1.256s] Level 5:colcon.colcon_core.verb:set package 'cmd_vel_control' build argument 'cmake_force_configure' from command line to 'False'
[1.256s] Level 5:colcon.colcon_core.verb:set package 'cmd_vel_control' build argument 'ament_cmake_args' from command line to 'None'
[1.256s] Level 5:colcon.colcon_core.verb:set package 'cmd_vel_control' build argument 'catkin_cmake_args' from command line to 'None'
[1.256s] Level 5:colcon.colcon_core.verb:set package 'cmd_vel_control' build argument 'catkin_skip_building_tests' from command line to 'False'
[1.256s] DEBUG:colcon.colcon_core.verb:Building package 'cmd_vel_control' with the following arguments: {'ament_cmake_args': None, 'build_base': '/workspace/build/cmd_vel_control', 'catkin_cmake_args': None, 'catkin_skip_building_tests': False, 'cmake_args': None, 'cmake_clean_cache': False, 'cmake_clean_first': False, 'cmake_force_configure': False, 'cmake_target': None, 'cmake_target_skip_unavailable': False, 'install_base': '/workspace/install/cmd_vel_control', 'merge_install': False, 'path': '/workspace/src/ros/cmd_vel_control', 'symlink_install': True, 'test_result_base': None}
[1.258s] Level 5:colcon.colcon_core.verb:set package 'zenoh_bridge_ros2dds' build argument 'cmake_args' from command line to 'None'
[1.258s] Level 5:colcon.colcon_core.verb:set package 'zenoh_bridge_ros2dds' build argument 'cmake_target' from command line to 'None'
[1.258s] Level 5:colcon.colcon_core.verb:set package 'zenoh_bridge_ros2dds' build argument 'cmake_target_skip_unavailable' from command line to 'False'
[1.258s] Level 5:colcon.colcon_core.verb:set package 'zenoh_bridge_ros2dds' build argument 'cmake_clean_cache' from command line to 'False'
[1.258s] Level 5:colcon.colcon_core.verb:set package 'zenoh_bridge_ros2dds' build argument 'cmake_clean_first' from command line to 'False'
[1.258s] Level 5:colcon.colcon_core.verb:set package 'zenoh_bridge_ros2dds' build argument 'cmake_force_configure' from command line to 'False'
[1.258s] Level 5:colcon.colcon_core.verb:set package 'zenoh_bridge_ros2dds' build argument 'ament_cmake_args' from command line to 'None'
[1.259s] Level 5:colcon.colcon_core.verb:set package 'zenoh_bridge_ros2dds' build argument 'catkin_cmake_args' from command line to 'None'
[1.259s] Level 5:colcon.colcon_core.verb:set package 'zenoh_bridge_ros2dds' build argument 'catkin_skip_building_tests' from command line to 'False'
[1.259s] DEBUG:colcon.colcon_core.verb:Building package 'zenoh_bridge_ros2dds' with the following arguments: {'ament_cmake_args': None, 'build_base': '/workspace/build/zenoh_bridge_ros2dds', 'catkin_cmake_args': None, 'catkin_skip_building_tests': False, 'cmake_args': None, 'cmake_clean_cache': False, 'cmake_clean_first': False, 'cmake_force_configure': False, 'cmake_target': None, 'cmake_target_skip_unavailable': False, 'install_base': '/workspace/install/zenoh_bridge_ros2dds', 'merge_install': False, 'path': '/workspace/src/zenoh-plugin-ros2dds', 'symlink_install': True, 'test_result_base': None}
[1.259s] INFO:colcon.colcon_core.executor:Executing jobs using 'parallel' executor
[1.266s] DEBUG:colcon.colcon_parallel_executor.executor.parallel:run_until_complete
[1.270s] INFO:colcon.colcon_ros.task.ament_cmake.build:Building ROS package in '/workspace/src/ros/cmd_vel_control' with build type 'ament_cmake'
[1.270s] INFO:colcon.colcon_cmake.task.cmake.build:Building CMake package in '/workspace/src/ros/cmd_vel_control'
[1.278s] INFO:colcon.colcon_core.plugin_system:Skipping extension 'colcon_core.shell.bat': Not used on non-Windows systems
[1.279s] INFO:colcon.colcon_core.shell:Skip shell extension 'powershell' for command environment: Not usable outside of PowerShell
[1.279s] DEBUG:colcon.colcon_core.shell:Skip shell extension 'dsv' for command environment
[1.296s] INFO:colcon.colcon_ros.task.ament_cmake.build:Building ROS package in '/workspace/src/zenoh-plugin-ros2dds' with build type 'ament_cmake'
[1.297s] INFO:colcon.colcon_cmake.task.cmake.build:Building CMake package in '/workspace/src/zenoh-plugin-ros2dds'
[1.299s] INFO:colcon.colcon_core.shell:Skip shell extension 'powershell' for command environment: Not usable outside of PowerShell
[1.299s] DEBUG:colcon.colcon_core.shell:Skip shell extension 'dsv' for command environment
[1.352s] DEBUG:colcon.colcon_core.event_handler.log_command:Invoking command in '/workspace/build/cmd_vel_control': CMAKE_PREFIX_PATH=/opt/ros/humble /usr/bin/cmake /workspace/src/ros/cmd_vel_control -DAMENT_CMAKE_SYMLINK_INSTALL=1 -DCMAKE_INSTALL_PREFIX=/workspace/install/cmd_vel_control
[1.368s] DEBUG:colcon.colcon_core.event_handler.log_command:Invoking command in '/workspace/build/zenoh_bridge_ros2dds': CMAKE_PREFIX_PATH=/opt/ros/humble /usr/bin/cmake /workspace/src/zenoh-plugin-ros2dds -DAMENT_CMAKE_SYMLINK_INSTALL=1 -DCMAKE_INSTALL_PREFIX=/workspace/install/zenoh_bridge_ros2dds
[7.526s] DEBUG:colcon.colcon_core.event_handler.log_command:Invoked command in '/workspace/build/cmd_vel_control' returned '1': CMAKE_PREFIX_PATH=/opt/ros/humble /usr/bin/cmake /workspace/src/ros/cmd_vel_control -DAMENT_CMAKE_SYMLINK_INSTALL=1 -DCMAKE_INSTALL_PREFIX=/workspace/install/cmd_vel_control
[7.621s] Level 1:colcon.colcon_core.environment:create_environment_scripts_only(cmd_vel_control)
[7.631s] Level 1:colcon.colcon_core.environment:checking '/workspace/install/cmd_vel_control' for CMake module files
[7.633s] Level 1:colcon.colcon_core.environment:checking '/workspace/install/cmd_vel_control' for CMake config files
[7.634s] Level 1:colcon.colcon_core.environment:checking '/workspace/install/cmd_vel_control/bin'
[7.635s] Level 1:colcon.colcon_core.environment:checking '/workspace/install/cmd_vel_control/lib/pkgconfig/cmd_vel_control.pc'
[7.641s] Level 1:colcon.colcon_core.environment:checking '/workspace/install/cmd_vel_control/lib/python3.10/site-packages'
[7.643s] Level 1:colcon.colcon_core.environment:checking '/workspace/install/cmd_vel_control/bin'
[7.644s] INFO:colcon.colcon_core.shell:Creating package script '/workspace/install/cmd_vel_control/share/cmd_vel_control/package.ps1'
[7.650s] INFO:colcon.colcon_core.shell:Creating package descriptor '/workspace/install/cmd_vel_control/share/cmd_vel_control/package.dsv'
[7.653s] INFO:colcon.colcon_core.shell:Creating package script '/workspace/install/cmd_vel_control/share/cmd_vel_control/package.sh'
[7.656s] INFO:colcon.colcon_core.shell:Creating package script '/workspace/install/cmd_vel_control/share/cmd_vel_control/package.bash'
[7.664s] INFO:colcon.colcon_core.shell:Creating package script '/workspace/install/cmd_vel_control/share/cmd_vel_control/package.zsh'
[7.680s] Level 1:colcon.colcon_core.environment:create_file_with_runtime_dependencies(/workspace/install/cmd_vel_control/share/colcon-core/packages/cmd_vel_control)
[8.108s] DEBUG:colcon.colcon_parallel_executor.executor.parallel:closing loop
[8.109s] DEBUG:colcon.colcon_parallel_executor.executor.parallel:loop closed
[8.110s] DEBUG:colcon.colcon_parallel_executor.executor.parallel:run_until_complete finished with '1'
[8.110s] DEBUG:colcon.colcon_core.event_reactor:joining thread
[8.153s] INFO:colcon.colcon_core.plugin_system:Skipping extension 'colcon_notification.desktop_notification.notify_send': Could not find 'notify-send'
[8.153s] INFO:colcon.colcon_core.plugin_system:Skipping extension 'colcon_notification.desktop_notification.terminal_notifier': Not used on non-Darwin systems
[8.154s] INFO:colcon.colcon_core.plugin_system:Skipping extension 'colcon_notification.desktop_notification.win32': Not used on non-Windows systems
[8.154s] INFO:colcon.colcon_notification.desktop_notification:Sending desktop notification using 'notify2'
[8.161s] DEBUG:colcon.colcon_notification.desktop_notification.notify2:Failed to initialize notify2: org.freedesktop.DBus.Error.Spawn.ExecFailed: /usr/bin/dbus-launch terminated abnormally without any error message
[8.162s] DEBUG:colcon.colcon_core.event_reactor:joined thread
[8.164s] INFO:colcon.colcon_core.shell:Creating prefix script '/workspace/install/local_setup.ps1'
[8.170s] INFO:colcon.colcon_core.shell:Creating prefix util module '/workspace/install/_local_setup_util_ps1.py'
[8.178s] INFO:colcon.colcon_core.shell:Creating prefix chain script '/workspace/install/setup.ps1'
[8.183s] INFO:colcon.colcon_core.shell:Creating prefix script '/workspace/install/local_setup.sh'
[8.186s] INFO:colcon.colcon_core.shell:Creating prefix util module '/workspace/install/_local_setup_util_sh.py'
[8.189s] INFO:colcon.colcon_core.shell:Creating prefix chain script '/workspace/install/setup.sh'
[8.194s] INFO:colcon.colcon_core.shell:Creating prefix script '/workspace/install/local_setup.bash'
[8.197s] INFO:colcon.colcon_core.shell:Creating prefix chain script '/workspace/install/setup.bash'
[8.201s] INFO:colcon.colcon_core.shell:Creating prefix script '/workspace/install/local_setup.zsh'
[8.204s] INFO:colcon.colcon_core.shell:Creating prefix chain script '/workspace/install/setup.zsh'
