-- The C compiler identification is Clang 18.1.8
-- The CXX compiler identification is Clang 18.1.8
-- Detecting C compiler ABI info
-- Detecting C compiler ABI info - done
-- Check for working C compiler: /usr/bin/clang-18 - skipped
-- Detecting C compile features
-- Detecting C compile features - done
-- Detecting CXX compiler ABI info
-- Detecting CXX compiler ABI info - done
-- Check for working CXX compiler: /usr/bin/clang++-18 - skipped
-- Detecting CXX compile features
-- Detecting CXX compile features - done
-- Found ament_cmake: 1.3.12 (/opt/ros/humble/share/ament_cmake/cmake)
-- Found Python3: /usr/bin/python3 (found version "3.10.12") found components: Interpreter 
-- Override CMake install command with custom implementation using symlinks instead of copying resources
[31mCMake Error at CMakeLists.txt:33 (find_package):
  By not providing "Findunitree_go.cmake" in CMAKE_MODULE_PATH this project
  has asked CMake to find a package configuration file provided by
  "unitree_go", but CMake did not find one.

  Could not find a package configuration file provided by "unitree_go" with
  any of the following names:

    unitree_goConfig.cmake
    unitree_go-config.cmake

  Add the installation prefix of "unitree_go" to CMAKE_PREFIX_PATH or set
  "unitree_go_DIR" to a directory containing one of the above files.  If
  "unitree_go" provides a separate development package or SDK, be sure it has
  been installed.

[0m
-- Configuring incomplete, errors occurred!
See also "/workspace/build/cmd_vel_control/CMakeFiles/CMakeOutput.log".
