[0.081s] Invoking command in '/workspace/build/cmd_vel_control': CMAKE_PREFIX_PATH=/opt/ros/humble /usr/bin/cmake /workspace/src/ros/cmd_vel_control -DAMENT_CMAKE_SYMLINK_INSTALL=1 -DCMAKE_INSTALL_PREFIX=/workspace/install/cmd_vel_control
[1.263s] -- The C compiler identification is Clang 18.1.8
[1.995s] -- The CXX compiler identification is Clang 18.1.8
[2.056s] -- Detecting C compiler ABI info
[3.089s] -- Detecting C compiler ABI info - done
[3.246s] -- Check for working C compiler: /usr/bin/clang-18 - skipped
[3.250s] -- Detecting C compile features
[3.251s] -- Detecting C compile features - done
[3.449s] -- Detecting CXX compiler ABI info
[4.479s] -- Detecting CXX compiler ABI info - done
[4.528s] -- Check for working CXX compiler: /usr/bin/clang++-18 - skipped
[4.529s] -- Detecting CXX compile features
[4.531s] -- Detecting CXX compile features - done
[4.563s] -- Found ament_cmake: 1.3.12 (/opt/ros/humble/share/ament_cmake/cmake)
[5.672s] -- Found Python3: /usr/bin/python3 (found version "3.10.12") found components: Interpreter 
[6.023s] -- Override CMake install command with custom implementation using symlinks instead of copying resources
[6.229s] [31mCMake Error at CMakeLists.txt:33 (find_package):
[6.234s]   By not providing "Findunitree_go.cmake" in CMAKE_MODULE_PATH this project
[6.236s]   has asked CMake to find a package configuration file provided by
[6.237s]   "unitree_go", but CMake did not find one.
[6.238s] 
[6.240s]   Could not find a package configuration file provided by "unitree_go" with
[6.241s]   any of the following names:
[6.241s] 
[6.242s]     unitree_goConfig.cmake
[6.242s]     unitree_go-config.cmake
[6.243s] 
[6.243s]   Add the installation prefix of "unitree_go" to CMAKE_PREFIX_PATH or set
[6.244s]   "unitree_go_DIR" to a directory containing one of the above files.  If
[6.244s]   "unitree_go" provides a separate development package or SDK, be sure it has
[6.245s]   been installed.
[6.245s] 
[6.246s] [0m
[6.246s] -- Configuring incomplete, errors occurred!
[6.247s] See also "/workspace/build/cmd_vel_control/CMakeFiles/CMakeOutput.log".
[6.255s] Invoked command in '/workspace/build/cmd_vel_control' returned '1': CMAKE_PREFIX_PATH=/opt/ros/humble /usr/bin/cmake /workspace/src/ros/cmd_vel_control -DAMENT_CMAKE_SYMLINK_INSTALL=1 -DCMAKE_INSTALL_PREFIX=/workspace/install/cmd_vel_control
